[2025-10-04 13:25:52] [DEBUG] Dispatching event: maintenance.enabled {"session_id":null,"reason":"Performing system updates","period":{"start":"2025-10-04T13:25:52+00:00","end":"2025-10-04T13:55:52+00:00"}}
[2025-10-04 13:25:52] [INFO] Maintenance mode enabled {"reason":"Performing system updates","end_time":"2025-10-04T13:55:52+00:00"}
[2025-10-04 13:26:27] [INFO] Maintenance mode disabled
[2025-10-04 13:28:12] [INFO] Application started.
[2025-10-04 13:28:12] [INFO] Application finished.
[2025-10-04 13:28:12] [DEBUG] Dispatching event: maintenance.enabled {"session_id":null,"reason":"System upgrade in progress","period":{"start":"2025-10-04T13:28:12+00:00","end":"2025-10-04T14:28:12+00:00"}}
[2025-10-04 13:28:12] [INFO] Maintenance mode enabled {"reason":"System upgrade in progress","end_time":"2025-10-04T14:28:12+00:00"}
[2025-10-04 13:28:12] [INFO] Application started.
[2025-10-04 13:28:13] [INFO] Maintenance mode disabled
[2025-10-04 13:28:13] [INFO] Application started.
[2025-10-04 13:28:13] [INFO] Application finished.
[2025-10-04 13:30:16] [INFO] Application started.
[2025-10-04 13:30:16] [INFO] Application finished.
[2025-10-04 13:30:16] [DEBUG] Dispatching event: maintenance.enabled {"session_id":null,"reason":"System upgrade in progress","period":{"start":"2025-10-04T13:30:16+00:00","end":"2025-10-04T14:30:16+00:00"}}
[2025-10-04 13:30:16] [INFO] Maintenance mode enabled {"reason":"System upgrade in progress","end_time":"2025-10-04T14:30:16+00:00"}
[2025-10-04 13:30:16] [INFO] Application started.
[2025-10-04 13:30:16] [INFO] Application finished.
[2025-10-04 13:42:56] [INFO] Application started.
[2025-10-04 13:43:35] [INFO] Maintenance mode disabled
[2025-10-04 13:44:14] [INFO] Application started.
[2025-10-04 13:44:14] [INFO] Application finished.
[2025-10-04 13:44:14] [DEBUG] Dispatching event: maintenance.enabled {"session_id":null,"reason":"System upgrade in progress","period":{"start":"2025-10-04T13:44:14+00:00","end":"2025-10-04T14:44:14+00:00"}}
[2025-10-04 13:44:14] [INFO] Maintenance mode enabled {"reason":"System upgrade in progress","end_time":"2025-10-04T14:44:14+00:00"}
[2025-10-04 13:44:14] [INFO] Application started.
[2025-10-04 13:44:15] [INFO] Maintenance mode disabled
[2025-10-04 13:44:15] [INFO] Application started.
[2025-10-04 13:44:15] [INFO] Application finished.
[2025-10-04 14:44:54] [CRITICAL] Uncaught Exception: MaintenancePro\Infrastructure\Cache\FileSystemCache::__construct(): Argument #2 ($metrics) must be of type ?MaintenancePro\Infrastructure\Cache\MetricsServiceInterface, MaintenancePro\Infrastructure\Service\MetricsService given, called in /app/src/Application/Kernel.php on line 81 {"exception":{}}
[2025-10-04 14:44:54] [CRITICAL] Uncaught Exception: MaintenancePro\Infrastructure\Cache\FileSystemCache::__construct(): Argument #2 ($metrics) must be of type ?MaintenancePro\Infrastructure\Cache\MetricsServiceInterface, MaintenancePro\Infrastructure\Service\MetricsService given, called in /app/src/Application/Kernel.php on line 81 {"exception":{}}
[2025-10-04 14:44:54] [CRITICAL] Uncaught Exception: MaintenancePro\Infrastructure\Cache\FileSystemCache::__construct(): Argument #2 ($metrics) must be of type ?MaintenancePro\Infrastructure\Cache\MetricsServiceInterface, MaintenancePro\Infrastructure\Service\MetricsService given, called in /app/src/Application/Kernel.php on line 81 {"exception":{}}
[2025-10-04 14:45:21] [CRITICAL] Uncaught Exception: MaintenancePro\Infrastructure\Cache\FileSystemCache::__construct(): Argument #2 ($metrics) must be of type ?MaintenancePro\Infrastructure\Cache\MetricsServiceInterface, MaintenancePro\Infrastructure\Service\MetricsService given, called in /app/src/Application/Kernel.php on line 81 {"exception":{}}
